[INFO ] 2023-10-16 08:46:01.844 [main] UserTests2 - *************** Criando usuário ***************
[INFO ] 2023-10-16 08:46:04.220 [main] UserTests2 - *************** Usuário criado ***************
[INFO ] 2023-10-16 08:46:04.232 [main] UserTests2 - *************** Lendo infos do usuário ***************
[INFO ] 2023-10-16 08:46:05.087 [main] UserTests2 - *************** Infos do usuário lidas ***************
[INFO ] 2023-10-16 08:46:05.090 [main] UserTests2 - *************** Atualizando do usuário ***************
[INFO ] 2023-10-16 08:46:06.626 [main] UserTests2 - *************** Usuário atualizado ***************
[INFO ] 2023-10-16 08:46:06.633 [main] UserTests2 - *************** Apagando usuário ***************
[INFO ] 2023-10-16 08:46:07.418 [main] UserTests2 - *************** Usuário apagado ***************
[INFO ] 2023-10-16 09:10:43.831 [main] UserTests2 - *************** Criando usuário ***************
[INFO ] 2023-10-16 09:10:46.129 [main] UserTests2 - *************** Usuário criado ***************
[INFO ] 2023-10-16 09:10:46.142 [main] UserTests2 - *************** Lendo infos do usuário ***************
[INFO ] 2023-10-16 09:10:46.936 [main] UserTests2 - *************** Infos do usuário lidas ***************
[INFO ] 2023-10-16 09:10:46.939 [main] UserTests2 - *************** Atualizando do usuário ***************
[INFO ] 2023-10-16 09:10:48.506 [main] UserTests2 - *************** Usuário atualizado ***************
[INFO ] 2023-10-16 09:10:48.509 [main] UserTests2 - *************** Apagando usuário ***************
[INFO ] 2023-10-16 09:10:49.300 [main] UserTests2 - *************** Usuário apagado ***************
[INFO ] 2023-10-16 10:07:26.267 [main] UserTests2 - *************** Criando usuário ***************
[INFO ] 2023-10-16 10:07:28.460 [main] UserTests2 - *************** Usuário criado ***************
[INFO ] 2023-10-16 10:07:28.480 [main] UserTests2 - *************** Lendo infos do usuário ***************
[INFO ] 2023-10-16 10:07:29.435 [main] UserTests2 - *************** Infos do usuário lidas ***************
[INFO ] 2023-10-16 10:07:29.438 [main] UserTests2 - *************** Atualizando do usuário ***************
[INFO ] 2023-10-16 10:07:31.062 [main] UserTests2 - *************** Usuário atualizado ***************
[INFO ] 2023-10-16 10:07:31.065 [main] UserTests2 - *************** Apagando usuário ***************
[INFO ] 2023-10-16 10:07:31.865 [main] UserTests2 - *************** Usuário apagado ***************
[INFO ] 2023-10-16 10:22:45.055 [main] UserTests2 - *************** Criando usuário ***************
[INFO ] 2023-10-16 10:22:48.740 [main] UserTests2 - *************** Usuário criado ***************
[INFO ] 2023-10-16 10:22:48.759 [main] UserTests2 - *************** Lendo infos do usuário ***************
[INFO ] 2023-10-16 10:22:49.582 [main] UserTests2 - *************** Infos do usuário lidas ***************
[INFO ] 2023-10-16 10:22:49.588 [main] UserTests2 - *************** Atualizando do usuário ***************
[INFO ] 2023-10-16 10:22:51.313 [main] UserTests2 - *************** Usuário atualizado ***************
[INFO ] 2023-10-16 10:22:51.319 [main] UserTests2 - *************** Apagando usuário ***************
[INFO ] 2023-10-16 10:22:52.112 [main] UserTests2 - *************** Usuário apagado ***************
