[INFO ] 2023-10-10 11:28:05.002 [main] UserTests2 - *************** Criando usu치rio ***************
[INFO ] 2023-10-10 11:28:07.362 [main] UserTests2 - *************** Usu치rio criado ***************
[INFO ] 2023-10-10 11:28:07.375 [main] UserTests2 - *************** Lendo infos do usu치rio ***************
[INFO ] 2023-10-10 11:28:08.168 [main] UserTests2 - *************** Infos do usu치rio lidas ***************
[INFO ] 2023-10-10 11:28:08.172 [main] UserTests2 - *************** Atualizando do usu치rio ***************
[INFO ] 2023-10-10 11:28:09.703 [main] UserTests2 - *************** Usu치rio atualizado ***************
[INFO ] 2023-10-10 11:28:09.709 [main] UserTests2 - *************** Apagando usu치rio ***************
[INFO ] 2023-10-10 11:28:10.471 [main] UserTests2 - *************** Usu치rio apagado ***************
[INFO ] 2023-10-10 11:42:51.300 [main] UserTests2 - *************** Criando usu痙io ***************
[INFO ] 2023-10-10 11:42:53.472 [main] UserTests2 - *************** Usu痙io criado ***************
[INFO ] 2023-10-10 11:42:53.484 [main] UserTests2 - *************** Lendo infos do usu痙io ***************
[INFO ] 2023-10-10 11:42:54.256 [main] UserTests2 - *************** Infos do usu痙io lidas ***************
[INFO ] 2023-10-10 11:42:54.258 [main] UserTests2 - *************** Atualizando do usu痙io ***************
[INFO ] 2023-10-10 11:42:55.814 [main] UserTests2 - *************** Usu痙io atualizado ***************
[INFO ] 2023-10-10 11:42:55.816 [main] UserTests2 - *************** Apagando usu痙io ***************
[INFO ] 2023-10-10 11:42:56.561 [main] UserTests2 - *************** Usu痙io apagado ***************
[INFO ] 2023-10-10 15:20:31.233 [main] UserTests2 - *************** Criando usu치rio ***************
[INFO ] 2023-10-10 15:20:33.532 [main] UserTests2 - *************** Usu치rio criado ***************
[INFO ] 2023-10-10 15:20:33.545 [main] UserTests2 - *************** Lendo infos do usu치rio ***************
[INFO ] 2023-10-10 15:20:34.318 [main] UserTests2 - *************** Infos do usu치rio lidas ***************
[INFO ] 2023-10-10 15:20:34.321 [main] UserTests2 - *************** Atualizando do usu치rio ***************
[INFO ] 2023-10-10 15:20:35.800 [main] UserTests2 - *************** Usu치rio atualizado ***************
[INFO ] 2023-10-10 15:20:35.803 [main] UserTests2 - *************** Apagando usu치rio ***************
[INFO ] 2023-10-10 15:20:36.567 [main] UserTests2 - *************** Usu치rio apagado ***************
[INFO ] 2023-10-10 20:05:51.552 [main] UserTests2 - *************** Criando usu치rio ***************
[INFO ] 2023-10-10 20:05:54.095 [main] UserTests2 - *************** Usu치rio criado ***************
[INFO ] 2023-10-10 20:05:54.107 [main] UserTests2 - *************** Lendo infos do usu치rio ***************
[INFO ] 2023-10-10 20:05:54.874 [main] UserTests2 - *************** Infos do usu치rio lidas ***************
[INFO ] 2023-10-10 20:05:54.875 [main] UserTests2 - *************** Atualizando do usu치rio ***************
[INFO ] 2023-10-10 20:05:56.409 [main] UserTests2 - *************** Usu치rio atualizado ***************
[INFO ] 2023-10-10 20:05:56.410 [main] UserTests2 - *************** Apagando usu치rio ***************
[INFO ] 2023-10-10 20:05:57.156 [main] UserTests2 - *************** Usu치rio apagado ***************
